<?xml version="1.0" encoding="UTF-8"?>
<testng-results ignored="0" total="1" passed="1" failed="0" skipped="0">
  <reporter-output>
  </reporter-output>
  <suite started-at="2024-08-05T19:32:18 ECT" name="Default suite" finished-at="2024-08-05T19:32:22 ECT" duration-ms="4574">
    <groups>
      <group name="cucumber">
        <method signature="AbstractTestNGCucumberTests.runScenario(io.cucumber.testng.PickleWrapper,io.cucumber.testng.FeatureWrapper)[pri:0, instance:TestsRunner.CucumberTestsRunner@6c4906d3]" name="runScenario" class="io.cucumber.testng.AbstractTestNGCucumberTests"/>
      </group> <!-- cucumber -->
    </groups>
    <test started-at="2024-08-05T19:32:18 ECT" name="Default test" finished-at="2024-08-05T19:32:22 ECT" duration-ms="4574">
      <class name="TestsRunner.CucumberTestsRunner">
        <test-method is-config="true" signature="setUpClass(org.testng.ITestContext)[pri:0, instance:TestsRunner.CucumberTestsRunner@6c4906d3]" started-at="2024-08-05T19:32:18 ECT" name="setUpClass" finished-at="2024-08-05T19:32:19 ECT" duration-ms="823" status="PASS">
          <params>
            <param index="0">
              <value>
                <![CDATA[org.testng.TestRunner@1d75e7af]]>
              </value>
            </param>
          </params>
          <reporter-output>
          </reporter-output>
        </test-method> <!-- setUpClass -->
        <test-method signature="runScenario(io.cucumber.testng.PickleWrapper,io.cucumber.testng.FeatureWrapper)[pri:0, instance:TestsRunner.CucumberTestsRunner@6c4906d3]" started-at="2024-08-05T19:32:19 ECT" name="runScenario" description="Runs Cucumber Scenarios" data-provider="scenarios" finished-at="2024-08-05T19:32:22 ECT" duration-ms="3625" status="PASS">
          <params>
            <param index="0">
              <value>
                <![CDATA["Verificar que el inicio de sesion se haya realizado correctamente con credenciales validas"]]>
              </value>
            </param>
            <param index="1">
              <value>
                <![CDATA["Automatizacion de la pagina de inicio de sesion de la aplicacion Saucedemo"]]>
              </value>
            </param>
          </params>
          <reporter-output>
          </reporter-output>
        </test-method> <!-- runScenario -->
        <test-method is-config="true" signature="tearDownClass()[pri:0, instance:TestsRunner.CucumberTestsRunner@6c4906d3]" started-at="2024-08-05T19:32:22 ECT" name="tearDownClass" finished-at="2024-08-05T19:32:22 ECT" duration-ms="47" status="PASS">
          <reporter-output>
          </reporter-output>
        </test-method> <!-- tearDownClass -->
      </class> <!-- TestsRunner.CucumberTestsRunner -->
    </test> <!-- Default test -->
  </suite> <!-- Default suite -->
</testng-results>
